# JRE version: Java(TM) SE Runtime Environment (12.0.1+12) (build 12.0.1+12)
# Java VM: Java HotSpot(TM) 64-Bit Server VM (12.0.1+12, mixed mode, sharing, tiered, compressed oops, g1 gc, windows-amd64)
Heap:
 garbage-first heap   total 262144K, used 28493K [0x0000000701200000, 0x0000000800000000)
  region size 1024K, 24 young (24576K), 3 survivors (3072K)
 Metaspace       used 18055K, capacity 18687K, committed 18816K, reserved 1064960K
  class space    used 2419K, capacity 2643K, committed 2688K, reserved 1048576K
GC Heap History (8 events):
Event: 1.960 GC heap before
{Heap before GC invocations=0 (full 0):
 garbage-first heap   total 262144K, used 13312K [0x0000000701200000, 0x0000000800000000)
  region size 1024K, 14 young (14336K), 0 survivors (0K)
 Metaspace       used 5607K, capacity 5926K, committed 6016K, reserved 1056768K
  class space    used 688K, capacity 806K, committed 896K, reserved 1048576K
}
Event: 1.963 GC heap after
{Heap after GC invocations=1 (full 0):
 garbage-first heap   total 262144K, used 5212K [0x0000000701200000, 0x0000000800000000)
  region size 1024K, 2 young (2048K), 2 survivors (2048K)
 Metaspace       used 5607K, capacity 5926K, committed 6016K, reserved 1056768K
  class space    used 688K, capacity 806K, committed 896K, reserved 1048576K
}
Event: 2.113 GC heap before
{Heap before GC invocations=1 (full 0):
 garbage-first heap   total 262144K, used 15452K [0x0000000701200000, 0x0000000800000000)
  region size 1024K, 12 young (12288K), 2 survivors (2048K)
 Metaspace       used 6809K, capacity 7161K, committed 7424K, reserved 1056768K
  class space    used 845K, capacity 965K, committed 1024K, reserved 1048576K
}
Event: 2.115 GC heap after
{Heap after GC invocations=2 (full 0):
 garbage-first heap   total 262144K, used 6225K [0x0000000701200000, 0x0000000800000000)
  region size 1024K, 1 young (1024K), 1 survivors (1024K)
 Metaspace       used 6809K, capacity 7161K, committed 7424K, reserved 1056768K
  class space    used 845K, capacity 965K, committed 1024K, reserved 1048576K
}
Event: 2.160 GC heap before
{Heap before GC invocations=2 (full 0):
 garbage-first heap   total 262144K, used 31825K [0x0000000701200000, 0x0000000800000000)
  region size 1024K, 27 young (27648K), 1 survivors (1024K)
 Metaspace       used 7090K, capacity 7466K, committed 7680K, reserved 1056768K
  class space    used 889K, capacity 1003K, committed 1024K, reserved 1048576K
}
Event: 2.161 GC heap after
{Heap after GC invocations=3 (full 0):
 garbage-first heap   total 262144K, used 6244K [0x0000000701200000, 0x0000000800000000)
  region size 1024K, 1 young (1024K), 1 survivors (1024K)
 Metaspace       used 7090K, capacity 7466K, committed 7680K, reserved 1056768K
  class space    used 889K, capacity 1003K, committed 1024K, reserved 1048576K
}
Event: 2.449 GC heap before
{Heap before GC invocations=3 (full 0):
 garbage-first heap   total 262144K, used 46180K [0x0000000701200000, 0x0000000800000000)
  region size 1024K, 41 young (41984K), 1 survivors (1024K)
 Metaspace       used 13988K, capacity 14545K, committed 14720K, reserved 1062912K
  class space    used 1913K, capacity 2089K, committed 2176K, reserved 1048576K
}
Event: 2.451 GC heap after
{Heap after GC invocations=4 (full 0):
 garbage-first heap   total 262144K, used 8013K [0x0000000701200000, 0x0000000800000000)
  region size 1024K, 3 young (3072K), 3 survivors (3072K)
 Metaspace       used 13988K, capacity 14545K, committed 14720K, reserved 1062912K
  class space    used 1913K, capacity 2089K, committed 2176K, reserved 1048576K
}

